<?xml version="1.0" encoding="UTF-8"?>
<!-- Generated by org.testng.reporters.JUnitXMLReporter -->
<testsuite hostname="LAPTOP-RMGJ15MF" ignored="0" name="Default test" tests="12" failures="0" timestamp="01 Dec 2018 03:11:06 GMT" time="150.216" errors="0">
  <testcase name="verifyHomePageTitleTest" time="0.014" classname="com.crm.qa.testcases.HomePageTest"/>
  <testcase name="loginPageTitleTest" time="0.006" classname="com.crm.qa.testcases.LoginPageTest"/>
  <testcase name="verifyContactsLabelTest" time="0.03" classname="com.crm.qa.testcases.ContactsPageTest"/>
  <testcase name="verifyUserNameTest" time="0.068" classname="com.crm.qa.testcases.HomePageTest"/>
  <testcase name="selectContactTest" time="0.095" classname="com.crm.qa.testcases.ContactsPageTest"/>
  <testcase name="crmLogoImageTest" time="0.034" classname="com.crm.qa.testcases.LoginPageTest"/>
  <testcase name="verifyContactsLinkTest" time="1.173" classname="com.crm.qa.testcases.HomePageTest"/>
  <testcase name="validateCreateNewContact" time="3.285" classname="com.crm.qa.testcases.ContactsPageTest"/>
  <testcase name="validateCreateNewContact" time="2.849" classname="com.crm.qa.testcases.ContactsPageTest"/>
  <testcase name="validateCreateNewContact" time="3.022" classname="com.crm.qa.testcases.ContactsPageTest"/>
  <testcase name="validateCreateNewContact" time="4.116" classname="com.crm.qa.testcases.ContactsPageTest"/>
  <testcase name="loginTest" time="4.673" classname="com.crm.qa.testcases.LoginPageTest"/>
</testsuite> <!-- Default test -->
