<?xml version="1.0" encoding="UTF-8"?>
<!-- Generated by org.testng.reporters.JUnitXMLReporter -->
<testsuite hostname="LAPTOP-RMGJ15MF" ignored="0" name="Command line test" tests="12" failures="0" timestamp="01 Dec 2018 06:29:31 GMT" time="143.288" errors="0">
  <testcase name="verifyContactsLabelTest" time="0.038" classname="com.crm.qa.testcases.ContactsPageTest"/>
  <testcase name="verifyHomePageTitleTest" time="0.014" classname="com.crm.qa.testcases.HomePageTest"/>
  <testcase name="loginPageTitleTest" time="0.029" classname="com.crm.qa.testcases.LoginPageTest"/>
  <testcase name="selectContactTest" time="0.143" classname="com.crm.qa.testcases.ContactsPageTest"/>
  <testcase name="verifyUserNameTest" time="0.099" classname="com.crm.qa.testcases.HomePageTest"/>
  <testcase name="crmLogoImageTest" time="0.047" classname="com.crm.qa.testcases.LoginPageTest"/>
  <testcase name="validateCreateNewContact" time="3.598" classname="com.crm.qa.testcases.ContactsPageTest"/>
  <testcase name="validateCreateNewContact" time="3.249" classname="com.crm.qa.testcases.ContactsPageTest"/>
  <testcase name="validateCreateNewContact" time="3.875" classname="com.crm.qa.testcases.ContactsPageTest"/>
  <testcase name="validateCreateNewContact" time="3.648" classname="com.crm.qa.testcases.ContactsPageTest"/>
  <testcase name="verifyContactsLinkTest" time="1.078" classname="com.crm.qa.testcases.HomePageTest"/>
  <testcase name="loginTest" time="4.19" classname="com.crm.qa.testcases.LoginPageTest"/>
</testsuite> <!-- Command line test -->
